<?xml version='1.0' encoding='UTF-8'?>
<testsuite hostname="Isabella-PC" name="example.ListsSuite" tests="12" errors="0" failures="0" time="0.219">
                     <properties>
[...]
</properties>
                     <testcase classname="example.ListsSuite" name="one plus one is two" time="0.156">
                                                 
                                               </testcase><testcase classname="example.ListsSuite" name="one plus one is three?" time="0.0">
                                                 
                                               </testcase><testcase classname="example.ListsSuite" name="details why one plus one is not three" time="0.063">
                                                 
                                               </testcase><testcase classname="example.ListsSuite" name="intNotZero throws an exception if its argument is 0" time="0.0">
                                                 
                                               </testcase><testcase classname="example.ListsSuite" name="sum of a few numbers" time="0.0">
                                                 
                                               </testcase><testcase classname="example.ListsSuite" name="soma de numeros negativos" time="0.0">
                                                 
                                               </testcase><testcase classname="example.ListsSuite" name="soma de lista vazia" time="0.0">
                                                 
                                               </testcase><testcase classname="example.ListsSuite" name="soma de elementos repetidos" time="0.0">
                                                 
                                               </testcase><testcase classname="example.ListsSuite" name="max of a few numbers" time="0.0">
                                                 
                                               </testcase><testcase classname="example.ListsSuite" name="maximo de numeros negativos" time="0.0">
                                                 
                                               </testcase><testcase classname="example.ListsSuite" name="maximo de lista vazia" time="0.0">
                                                 
                                               </testcase><testcase classname="example.ListsSuite" name="maximo de numeros repetidos" time="0.0">
                                                 
                                               </testcase>
                     <system-out></system-out>
                     <system-err></system-err>
                   </testsuite>